<?xml version="1.0" encoding="UTF-8"?>
<testng-results ignored="0" total="2" passed="2" failed="0" skipped="0">
  <reporter-output>
  </reporter-output>
  <suite started-at="2024-11-07T11:52:34 IST" name="Default suite" finished-at="2024-11-07T11:52:44 IST" duration-ms="9971">
    <groups>
    </groups>
    <test started-at="2024-11-07T11:52:34 IST" name="Default test" finished-at="2024-11-07T11:52:44 IST" duration-ms="9971">
      <class name="pack1.Basics">
        <test-method is-config="true" signature="start()[pri:0, instance:pack1.Basics@2d52216b]" started-at="2024-11-07T11:52:34 IST" name="start" finished-at="2024-11-07T11:52:36 IST" duration-ms="1637" status="PASS">
          <reporter-output>
          </reporter-output>
        </test-method> <!-- start -->
        <test-method signature="methodOne()[pri:0, instance:pack1.Basics@2d52216b]" started-at="2024-11-07T11:52:36 IST" name="methodOne" finished-at="2024-11-07T11:52:42 IST" duration-ms="5911" status="PASS">
          <reporter-output>
          </reporter-output>
        </test-method> <!-- methodOne -->
        <test-method is-config="true" signature="end()[pri:0, instance:pack1.Basics@2d52216b]" started-at="2024-11-07T11:52:42 IST" name="end" finished-at="2024-11-07T11:52:42 IST" duration-ms="254" status="PASS">
          <reporter-output>
          </reporter-output>
        </test-method> <!-- end -->
        <test-method is-config="true" signature="start()[pri:0, instance:pack1.Basics@2d52216b]" started-at="2024-11-07T11:52:42 IST" name="start" finished-at="2024-11-07T11:52:43 IST" duration-ms="1229" status="PASS">
          <reporter-output>
          </reporter-output>
        </test-method> <!-- start -->
        <test-method signature="methodTwo()[pri:0, instance:pack1.Basics@2d52216b]" started-at="2024-11-07T11:52:43 IST" name="methodTwo" finished-at="2024-11-07T11:52:44 IST" duration-ms="665" status="PASS">
          <reporter-output>
          </reporter-output>
        </test-method> <!-- methodTwo -->
        <test-method is-config="true" signature="end()[pri:0, instance:pack1.Basics@2d52216b]" started-at="2024-11-07T11:52:44 IST" name="end" finished-at="2024-11-07T11:52:44 IST" duration-ms="217" status="PASS">
          <reporter-output>
          </reporter-output>
        </test-method> <!-- end -->
      </class> <!-- pack1.Basics -->
    </test> <!-- Default test -->
  </suite> <!-- Default suite -->
</testng-results>
